<?xml version="1.0" encoding="UTF-8"?>
<!-- Generated by org.testng.reporters.JUnitXMLReporter -->
<testsuite ignored="1" hostname="hp" failures="0" tests="1" name="Default test" time="0.037" errors="0" timestamp="2023-07-21T11:08:07 IST">
  <testcase classname="StringPrograms.PrintTheSumOfNumberInAgivenString" name="method2" time="0.005"/>
  <testcase classname="StringPrograms.PrintTheSumOfNumberInAgivenString" name="sumOfNumberInAstring" time="0.0">
    <ignored/>
  </testcase> <!-- sumOfNumberInAstring -->
</testsuite> <!-- Default test -->
