<?xml version="1.0" encoding="UTF-8"?>
<!-- Generated by org.testng.reporters.JUnitXMLReporter -->
<testsuite ignored="3" hostname="hp" failures="0" tests="1" name="Default test" time="0.062" errors="0" timestamp="2023-08-27T22:01:44 IST">
  <testcase classname="apractice.BrokenLinks" name="ab" time="0.012"/>
  <testcase classname="apractice.BrokenLinks" name="brokenLinks" time="0.0">
    <ignored/>
  </testcase> <!-- brokenLinks -->
  <testcase classname="apractice.BrokenLinks" name="b" time="0.0">
    <ignored/>
  </testcase> <!-- b -->
  <testcase classname="apractice.BrokenLinks" name="a" time="0.0">
    <ignored/>
  </testcase> <!-- a -->
</testsuite> <!-- Default test -->
