<?xml version="1.0" encoding="UTF-8"?>
<!-- Generated by org.testng.reporters.JUnitXMLReporter -->
<testsuite ignored="0" hostname="hp" failures="0" tests="6" name="Test" time="0.057" errors="0" timestamp="2023-08-25T19:52:15 IST">
  <testcase classname="apractice.Test2" name="b" time="0.007"/>
  <testcase classname="apractice.Test2" name="a" time="0.001"/>
  <testcase classname="apractice.Test2" name="c" time="0.002"/>
  <testcase classname="apractice.Test2" name="e" time="0.002"/>
  <testcase classname="apractice.Test2" name="d" time="0.001"/>
  <testcase classname="apractice.Test2" name="f" time="0.0"/>
</testsuite> <!-- Test -->
