<?xml version="1.0" encoding="UTF-8"?>
<testng-results ignored="0" total="3" passed="3" failed="0" skipped="0">
  <reporter-output>
  </reporter-output>
  <suite started-at="2023-08-28T20:39:47 IST" name="Default suite" finished-at="2023-08-28T20:39:47 IST" duration-ms="45">
    <groups>
    </groups>
    <test started-at="2023-08-28T20:39:47 IST" name="Default test" finished-at="2023-08-28T20:39:47 IST" duration-ms="45">
      <class name="apractice.DataProviderTest">
        <test-method signature="bookTkt(java.lang.String, java.lang.String, java.lang.String)[pri:0, instance:apractice.DataProviderTest@22ef9844]" started-at="2023-08-28T20:39:47 IST" name="bookTkt" data-provider="bookTkt" finished-at="2023-08-28T20:39:47 IST" duration-ms="4" status="PASS">
          <params>
            <param index="0">
              <value>
                <![CDATA[Bangalore]]>
              </value>
            </param>
            <param index="1">
              <value>
                <![CDATA[Odisha]]>
              </value>
            </param>
            <param index="2">
              <value>
                <![CDATA[5600]]>
              </value>
            </param>
          </params>
          <reporter-output>
          </reporter-output>
        </test-method> <!-- bookTkt -->
        <test-method signature="bookTkt(java.lang.String, java.lang.String, java.lang.String)[pri:0, instance:apractice.DataProviderTest@22ef9844]" started-at="2023-08-28T20:39:47 IST" name="bookTkt" data-provider="bookTkt" finished-at="2023-08-28T20:39:47 IST" duration-ms="2" status="PASS">
          <params>
            <param index="0">
              <value>
                <![CDATA[Odisha]]>
              </value>
            </param>
            <param index="1">
              <value>
                <![CDATA[Bangalore]]>
              </value>
            </param>
            <param index="2">
              <value>
                <![CDATA[6500]]>
              </value>
            </param>
          </params>
          <reporter-output>
          </reporter-output>
        </test-method> <!-- bookTkt -->
        <test-method signature="bookTkt(java.lang.String, java.lang.String, java.lang.String)[pri:0, instance:apractice.DataProviderTest@22ef9844]" started-at="2023-08-28T20:39:47 IST" name="bookTkt" data-provider="bookTkt" finished-at="2023-08-28T20:39:47 IST" duration-ms="2" status="PASS">
          <params>
            <param index="0">
              <value>
                <![CDATA[Bangalore]]>
              </value>
            </param>
            <param index="1">
              <value>
                <![CDATA[Mummbai]]>
              </value>
            </param>
            <param index="2">
              <value>
                <![CDATA[6500]]>
              </value>
            </param>
          </params>
          <reporter-output>
          </reporter-output>
        </test-method> <!-- bookTkt -->
      </class> <!-- apractice.DataProviderTest -->
    </test> <!-- Default test -->
  </suite> <!-- Default suite -->
</testng-results>
