<?xml version="1.0" encoding="UTF-8"?>
<testng-results ignored="0" total="6" passed="6" failed="0" skipped="0">
  <reporter-output>
  </reporter-output>
  <suite started-at="2023-08-25T19:52:15 IST" name="Suite" finished-at="2023-08-25T19:52:15 IST" duration-ms="57">
    <groups>
    </groups>
    <test started-at="2023-08-25T19:52:15 IST" name="Test" finished-at="2023-08-25T19:52:15 IST" duration-ms="57">
      <class name="apractice.Test2">
        <test-method signature="b()[pri:1, instance:apractice.Test2@73e22a3d]" started-at="2023-08-25T19:52:15 IST" name="b" finished-at="2023-08-25T19:52:15 IST" duration-ms="7" status="PASS">
          <reporter-output>
          </reporter-output>
        </test-method> <!-- b -->
        <test-method signature="a()[pri:2, instance:apractice.Test2@73e22a3d]" started-at="2023-08-25T19:52:15 IST" name="a" finished-at="2023-08-25T19:52:15 IST" duration-ms="1" status="PASS">
          <reporter-output>
          </reporter-output>
        </test-method> <!-- a -->
        <test-method signature="c()[pri:3, instance:apractice.Test2@73e22a3d]" started-at="2023-08-25T19:52:15 IST" name="c" finished-at="2023-08-25T19:52:15 IST" duration-ms="2" status="PASS">
          <reporter-output>
          </reporter-output>
        </test-method> <!-- c -->
        <test-method signature="e()[pri:4, instance:apractice.Test2@73e22a3d]" started-at="2023-08-25T19:52:15 IST" name="e" finished-at="2023-08-25T19:52:15 IST" duration-ms="2" status="PASS">
          <reporter-output>
          </reporter-output>
        </test-method> <!-- e -->
        <test-method signature="d()[pri:5, instance:apractice.Test2@73e22a3d]" started-at="2023-08-25T19:52:15 IST" name="d" finished-at="2023-08-25T19:52:15 IST" duration-ms="1" status="PASS">
          <reporter-output>
          </reporter-output>
        </test-method> <!-- d -->
        <test-method signature="f()[pri:6, instance:apractice.Test2@73e22a3d]" started-at="2023-08-25T19:52:15 IST" name="f" finished-at="2023-08-25T19:52:15 IST" duration-ms="0" status="PASS">
          <reporter-output>
          </reporter-output>
        </test-method> <!-- f -->
      </class> <!-- apractice.Test2 -->
    </test> <!-- Test -->
  </suite> <!-- Suite -->
</testng-results>
