<?xml version="1.0" encoding="UTF-8"?>
<!-- Generated by org.testng.reporters.JUnitReportReporter -->
<testsuite hostname="hp" failures="0" tests="3" name="apractice.DataProviderTest" time="0.010" errors="0" timestamp="2023-09-17T21:54:24 IST" skipped="0">
  <testcase classname="apractice.DataProviderTest" name="bookTkt" time="0.001"/>
  <system-out/>
  <testcase classname="apractice.DataProviderTest" name="bookTkt" time="0.001"/>
  <system-out/>
  <testcase classname="apractice.DataProviderTest" name="bookTkt" time="0.008"/>
  <system-out/>
</testsuite> <!-- apractice.DataProviderTest -->
