<?xml version="1.0" encoding="UTF-8"?>
<!-- Generated by org.testng.reporters.JUnitReportReporter -->
<testsuite hostname="hp" failures="0" tests="1" name="StringPrograms.PrintPositionOfEachCharacterWithDuplicate" time="0.007" errors="0" timestamp="2024-07-18T22:43:24 IST" skipped="0">
  <testcase classname="StringPrograms.PrintPositionOfEachCharacterWithDuplicate" name="positionOfCharacter" time="0.007"/>
  <system-out/>
</testsuite> <!-- StringPrograms.PrintPositionOfEachCharacterWithDuplicate -->
