<?xml version="1.0" encoding="UTF-8"?>
<!-- Generated by org.testng.reporters.JUnitReportReporter -->
<testsuite hostname="hp" failures="0" tests="8" name="apractice.ExcelDataProviderTest" time="0.054" errors="0" timestamp="2023-09-20T10:56:43 IST" skipped="0">
  <testcase classname="apractice.ExcelDataProviderTest" name="getData" time="0.005"/>
  <system-out/>
  <testcase classname="apractice.ExcelDataProviderTest" name="getData" time="0.008"/>
  <system-out/>
  <testcase classname="apractice.ExcelDataProviderTest" name="getData" time="0.006"/>
  <system-out/>
  <testcase classname="apractice.ExcelDataProviderTest" name="getData" time="0.009"/>
  <system-out/>
  <testcase classname="apractice.ExcelDataProviderTest" name="getData" time="0.006"/>
  <system-out/>
  <testcase classname="apractice.ExcelDataProviderTest" name="getData" time="0.005"/>
  <system-out/>
  <testcase classname="apractice.ExcelDataProviderTest" name="getData" time="0.008"/>
  <system-out/>
  <testcase classname="apractice.ExcelDataProviderTest" name="getData" time="0.007"/>
  <system-out/>
</testsuite> <!-- apractice.ExcelDataProviderTest -->
